mode: set
github.com/nambroa/lodging-bookings/internal/handlers/handlers.go:32.70,37.2 1 0
github.com/nambroa/lodging-bookings/internal/handlers/handlers.go:40.59,45.2 1 1
github.com/nambroa/lodging-bookings/internal/handlers/handlers.go:48.36,50.2 1 1
github.com/nambroa/lodging-bookings/internal/handlers/handlers.go:54.67,56.2 1 1
github.com/nambroa/lodging-bookings/internal/handlers/handlers.go:59.68,61.2 1 1
github.com/nambroa/lodging-bookings/internal/handlers/handlers.go:64.69,66.2 1 1
github.com/nambroa/lodging-bookings/internal/handlers/handlers.go:69.71,71.2 1 1
github.com/nambroa/lodging-bookings/internal/handlers/handlers.go:74.70,76.2 1 1
github.com/nambroa/lodging-bookings/internal/handlers/handlers.go:79.74,81.9 2 1
github.com/nambroa/lodging-bookings/internal/handlers/handlers.go:87.2,88.16 2 1
github.com/nambroa/lodging-bookings/internal/handlers/handlers.go:93.2,105.4 7 1
github.com/nambroa/lodging-bookings/internal/handlers/handlers.go:81.9,85.3 3 1
github.com/nambroa/lodging-bookings/internal/handlers/handlers.go:88.16,92.3 3 1
github.com/nambroa/lodging-bookings/internal/handlers/handlers.go:109.78,112.9 2 1
github.com/nambroa/lodging-bookings/internal/handlers/handlers.go:118.2,119.16 2 1
github.com/nambroa/lodging-bookings/internal/handlers/handlers.go:126.2,137.19 9 1
github.com/nambroa/lodging-bookings/internal/handlers/handlers.go:147.2,148.16 2 1
github.com/nambroa/lodging-bookings/internal/handlers/handlers.go:153.2,161.16 3 1
github.com/nambroa/lodging-bookings/internal/handlers/handlers.go:167.2,199.66 8 1
github.com/nambroa/lodging-bookings/internal/handlers/handlers.go:112.9,116.3 3 1
github.com/nambroa/lodging-bookings/internal/handlers/handlers.go:119.16,123.3 3 0
github.com/nambroa/lodging-bookings/internal/handlers/handlers.go:137.19,145.3 3 0
github.com/nambroa/lodging-bookings/internal/handlers/handlers.go:148.16,152.3 3 0
github.com/nambroa/lodging-bookings/internal/handlers/handlers.go:161.16,165.3 3 1
github.com/nambroa/lodging-bookings/internal/handlers/handlers.go:203.81,209.9 2 0
github.com/nambroa/lodging-bookings/internal/handlers/handlers.go:218.2,224.114 4 0
github.com/nambroa/lodging-bookings/internal/handlers/handlers.go:209.9,215.3 4 0
github.com/nambroa/lodging-bookings/internal/handlers/handlers.go:229.75,231.2 1 1
github.com/nambroa/lodging-bookings/internal/handlers/handlers.go:235.79,239.16 3 0
github.com/nambroa/lodging-bookings/internal/handlers/handlers.go:244.2,245.16 2 0
github.com/nambroa/lodging-bookings/internal/handlers/handlers.go:250.2,250.21 1 0
github.com/nambroa/lodging-bookings/internal/handlers/handlers.go:256.2,266.84 5 0
github.com/nambroa/lodging-bookings/internal/handlers/handlers.go:239.16,242.3 2 0
github.com/nambroa/lodging-bookings/internal/handlers/handlers.go:245.16,248.3 2 0
github.com/nambroa/lodging-bookings/internal/handlers/handlers.go:250.21,254.3 3 0
github.com/nambroa/lodging-bookings/internal/handlers/handlers.go:279.79,282.16 2 1
github.com/nambroa/lodging-bookings/internal/handlers/handlers.go:290.2,304.16 7 1
github.com/nambroa/lodging-bookings/internal/handlers/handlers.go:312.2,313.14 2 1
github.com/nambroa/lodging-bookings/internal/handlers/handlers.go:282.16,288.3 5 0
github.com/nambroa/lodging-bookings/internal/handlers/handlers.go:304.16,310.3 5 0
github.com/nambroa/lodging-bookings/internal/handlers/handlers.go:317.73,319.16 2 0
github.com/nambroa/lodging-bookings/internal/handlers/handlers.go:323.2,324.9 2 0
github.com/nambroa/lodging-bookings/internal/handlers/handlers.go:329.2,333.63 3 0
github.com/nambroa/lodging-bookings/internal/handlers/handlers.go:319.16,322.3 2 0
github.com/nambroa/lodging-bookings/internal/handlers/handlers.go:324.9,327.3 2 0
github.com/nambroa/lodging-bookings/internal/handlers/handlers.go:337.71,350.16 11 0
github.com/nambroa/lodging-bookings/internal/handlers/handlers.go:354.2,357.63 3 0
github.com/nambroa/lodging-bookings/internal/handlers/handlers.go:350.16,353.3 2 0
github.com/nambroa/lodging-bookings/internal/handlers/handlers.go:362.79,370.2 3 1
